==68504== Memcheck, a memory error detector
==68504== Copyright (C) 2002-2015, and GNU GPL'd, by Julian Seward et al.
==68504== Using Valgrind-3.12.0 and LibVEX; rerun with -h for copyright info
==68504== Command: ./TestAssignment2_Valgrind
==68504== Parent PID: 68491
==68504== 
--68504-- 
--68504-- Valgrind options:
--68504--    --leak-check=full
--68504--    --show-leak-kinds=all
--68504--    --track-origins=yes
--68504--    --log-file=Assignment2_C_Data_Structures-Assignment2-valgrind.log
--68504--    --verbose
--68504-- Contents of /proc/version:
--68504--   Linux version 3.10.0-862.14.4.el7.x86_64 (mockbuild@kbuilder.bsys.centos.org) (gcc version 4.8.5 20150623 (Red Hat 4.8.5-28) (GCC) ) #1 SMP Wed Sep 26 15:12:11 UTC 2018
--68504-- 
--68504-- Arch and hwcaps: AMD64, LittleEndian, amd64-cx16-lzcnt-rdtscp-sse3-avx-avx2-bmi
--68504-- Page sizes: currently 4096, max supported 4096
--68504-- Valgrind library directory: /usr/lib64/valgrind
--68504-- Reading syms from /home/prdx/CS3650/monorepo-johnnguyen2020/Assignment2_C_Data_Structures/part2/TestAssignment2_Valgrind
--68504-- Reading syms from /usr/lib64/ld-2.17.so
--68504-- Reading syms from /usr/lib64/valgrind/memcheck-amd64-linux
--68504--    object doesn't have a symbol table
--68504--    object doesn't have a dynamic symbol table
--68504-- Scheduler: using generic scheduler lock implementation.
--68504-- Reading suppressions file: /usr/lib64/valgrind/default.supp
==68504== embedded gdbserver: reading from /tmp/vgdb-pipe-from-vgdb-to-68504-by-prdx-on-login-students.ccs.neu.edu
==68504== embedded gdbserver: writing to   /tmp/vgdb-pipe-to-vgdb-from-68504-by-prdx-on-login-students.ccs.neu.edu
==68504== embedded gdbserver: shared mem   /tmp/vgdb-pipe-shared-mem-vgdb-68504-by-prdx-on-login-students.ccs.neu.edu
==68504== 
==68504== TO CONTROL THIS PROCESS USING vgdb (which you probably
==68504== don't want to do, unless you know exactly what you're doing,
==68504== or are doing some strange experiment):
==68504==   /usr/lib64/valgrind/../../bin/vgdb --pid=68504 ...command...
==68504== 
==68504== TO DEBUG THIS PROCESS USING GDB: start GDB like this
==68504==   /path/to/gdb ./TestAssignment2_Valgrind
==68504== and then give GDB the following command
==68504==   target remote | /usr/lib64/valgrind/../../bin/vgdb --pid=68504
==68504== --pid is optional if only one valgrind process is running
==68504== 
--68504-- REDIR: 0x40192f0 (ld-linux-x86-64.so.2:strlen) redirected to 0x38058d51 (???)
--68504-- REDIR: 0x40190c0 (ld-linux-x86-64.so.2:index) redirected to 0x38058d6b (???)
--68504-- Reading syms from /usr/lib64/valgrind/vgpreload_core-amd64-linux.so
--68504-- Reading syms from /usr/lib64/valgrind/vgpreload_memcheck-amd64-linux.so
==68504== WARNING: new redirection conflicts with existing -- ignoring it
--68504--     old: 0x040192f0 (strlen              ) R-> (0000.0) 0x38058d51 ???
--68504--     new: 0x040192f0 (strlen              ) R-> (2007.0) 0x04c2ca90 strlen
--68504-- REDIR: 0x4019270 (ld-linux-x86-64.so.2:strcmp) redirected to 0x4c2dbe0 (strcmp)
--68504-- REDIR: 0x4019e60 (ld-linux-x86-64.so.2:mempcpy) redirected to 0x4c30c60 (mempcpy)
--68504-- Reading syms from /usr/lib64/libc-2.17.so
--68504-- REDIR: 0x4ebff80 (libc.so.6:strcasecmp) redirected to 0x4a247b0 (_vgnU_ifunc_wrapper)
--68504-- REDIR: 0x4ebcd00 (libc.so.6:strnlen) redirected to 0x4a247b0 (_vgnU_ifunc_wrapper)
--68504-- REDIR: 0x4ec2250 (libc.so.6:strncasecmp) redirected to 0x4a247b0 (_vgnU_ifunc_wrapper)
--68504-- REDIR: 0x4ebf760 (libc.so.6:memset) redirected to 0x4a247b0 (_vgnU_ifunc_wrapper)
--68504-- REDIR: 0x4ebf710 (libc.so.6:memcpy@GLIBC_2.2.5) redirected to 0x4a247b0 (_vgnU_ifunc_wrapper)
--68504-- REDIR: 0x4ebe6f0 (libc.so.6:__GI_strrchr) redirected to 0x4c2c450 (__GI_strrchr)
--68504-- REDIR: 0x4eb60c0 (libc.so.6:malloc) redirected to 0x4c29b5c (malloc)
==68504== Invalid write of size 8
==68504==    at 0x400609: create_stack (in /home/prdx/CS3650/monorepo-johnnguyen2020/Assignment2_C_Data_Structures/part2/TestAssignment2_Valgrind)
==68504==    by 0x400954: unitTest2 (in /home/prdx/CS3650/monorepo-johnnguyen2020/Assignment2_C_Data_Structures/part2/TestAssignment2_Valgrind)
==68504==    by 0x400974: main (in /home/prdx/CS3650/monorepo-johnnguyen2020/Assignment2_C_Data_Structures/part2/TestAssignment2_Valgrind)
==68504==  Address 0x51f9048 is 0 bytes after a block of size 8 alloc'd
==68504==    at 0x4C29BE3: malloc (vg_replace_malloc.c:299)
==68504==    by 0x4005D9: create_stack (in /home/prdx/CS3650/monorepo-johnnguyen2020/Assignment2_C_Data_Structures/part2/TestAssignment2_Valgrind)
==68504==    by 0x400954: unitTest2 (in /home/prdx/CS3650/monorepo-johnnguyen2020/Assignment2_C_Data_Structures/part2/TestAssignment2_Valgrind)
==68504==    by 0x400974: main (in /home/prdx/CS3650/monorepo-johnnguyen2020/Assignment2_C_Data_Structures/part2/TestAssignment2_Valgrind)
==68504== 
==68504== Invalid read of size 8
==68504==    at 0x400834: free_stack (in /home/prdx/CS3650/monorepo-johnnguyen2020/Assignment2_C_Data_Structures/part2/TestAssignment2_Valgrind)
==68504==    by 0x400964: unitTest2 (in /home/prdx/CS3650/monorepo-johnnguyen2020/Assignment2_C_Data_Structures/part2/TestAssignment2_Valgrind)
==68504==    by 0x400974: main (in /home/prdx/CS3650/monorepo-johnnguyen2020/Assignment2_C_Data_Structures/part2/TestAssignment2_Valgrind)
==68504==  Address 0x51f9048 is 0 bytes after a block of size 8 alloc'd
==68504==    at 0x4C29BE3: malloc (vg_replace_malloc.c:299)
==68504==    by 0x4005D9: create_stack (in /home/prdx/CS3650/monorepo-johnnguyen2020/Assignment2_C_Data_Structures/part2/TestAssignment2_Valgrind)
==68504==    by 0x400954: unitTest2 (in /home/prdx/CS3650/monorepo-johnnguyen2020/Assignment2_C_Data_Structures/part2/TestAssignment2_Valgrind)
==68504==    by 0x400974: main (in /home/prdx/CS3650/monorepo-johnnguyen2020/Assignment2_C_Data_Structures/part2/TestAssignment2_Valgrind)
==68504== 
==68504== Invalid read of size 8
==68504==    at 0x40086A: free_stack (in /home/prdx/CS3650/monorepo-johnnguyen2020/Assignment2_C_Data_Structures/part2/TestAssignment2_Valgrind)
==68504==    by 0x400964: unitTest2 (in /home/prdx/CS3650/monorepo-johnnguyen2020/Assignment2_C_Data_Structures/part2/TestAssignment2_Valgrind)
==68504==    by 0x400974: main (in /home/prdx/CS3650/monorepo-johnnguyen2020/Assignment2_C_Data_Structures/part2/TestAssignment2_Valgrind)
==68504==  Address 0x8 is not stack'd, malloc'd or (recently) free'd
==68504== 
==68504== 
==68504== Process terminating with default action of signal 11 (SIGSEGV)
==68504==  Access not within mapped region at address 0x8
==68504==    at 0x40086A: free_stack (in /home/prdx/CS3650/monorepo-johnnguyen2020/Assignment2_C_Data_Structures/part2/TestAssignment2_Valgrind)
==68504==    by 0x400964: unitTest2 (in /home/prdx/CS3650/monorepo-johnnguyen2020/Assignment2_C_Data_Structures/part2/TestAssignment2_Valgrind)
==68504==    by 0x400974: main (in /home/prdx/CS3650/monorepo-johnnguyen2020/Assignment2_C_Data_Structures/part2/TestAssignment2_Valgrind)
==68504==  If you believe this happened as a result of a stack
==68504==  overflow in your program's main thread (unlikely but
==68504==  possible), you can try to increase the size of the
==68504==  main thread stack using the --main-stacksize= flag.
==68504==  The main thread stack size used in this run was 8388608.
--68504-- REDIR: 0x4eb64c0 (libc.so.6:free) redirected to 0x4c2ac56 (free)
==68504== 
==68504== HEAP SUMMARY:
==68504==     in use at exit: 8 bytes in 1 blocks
==68504==   total heap usage: 1 allocs, 0 frees, 8 bytes allocated
==68504== 
==68504== Searching for pointers to 1 not-freed blocks
==68504== Checked 69,920 bytes
==68504== 
==68504== 8 bytes in 1 blocks are still reachable in loss record 1 of 1
==68504==    at 0x4C29BE3: malloc (vg_replace_malloc.c:299)
==68504==    by 0x4005D9: create_stack (in /home/prdx/CS3650/monorepo-johnnguyen2020/Assignment2_C_Data_Structures/part2/TestAssignment2_Valgrind)
==68504==    by 0x400954: unitTest2 (in /home/prdx/CS3650/monorepo-johnnguyen2020/Assignment2_C_Data_Structures/part2/TestAssignment2_Valgrind)
==68504==    by 0x400974: main (in /home/prdx/CS3650/monorepo-johnnguyen2020/Assignment2_C_Data_Structures/part2/TestAssignment2_Valgrind)
==68504== 
==68504== LEAK SUMMARY:
==68504==    definitely lost: 0 bytes in 0 blocks
==68504==    indirectly lost: 0 bytes in 0 blocks
==68504==      possibly lost: 0 bytes in 0 blocks
==68504==    still reachable: 8 bytes in 1 blocks
==68504==         suppressed: 0 bytes in 0 blocks
==68504== 
==68504== ERROR SUMMARY: 3 errors from 3 contexts (suppressed: 0 from 0)
==68504== 
==68504== 1 errors in context 1 of 3:
==68504== Invalid read of size 8
==68504==    at 0x40086A: free_stack (in /home/prdx/CS3650/monorepo-johnnguyen2020/Assignment2_C_Data_Structures/part2/TestAssignment2_Valgrind)
==68504==    by 0x400964: unitTest2 (in /home/prdx/CS3650/monorepo-johnnguyen2020/Assignment2_C_Data_Structures/part2/TestAssignment2_Valgrind)
==68504==    by 0x400974: main (in /home/prdx/CS3650/monorepo-johnnguyen2020/Assignment2_C_Data_Structures/part2/TestAssignment2_Valgrind)
==68504==  Address 0x8 is not stack'd, malloc'd or (recently) free'd
==68504== 
==68504== 
==68504== 1 errors in context 2 of 3:
==68504== Invalid read of size 8
==68504==    at 0x400834: free_stack (in /home/prdx/CS3650/monorepo-johnnguyen2020/Assignment2_C_Data_Structures/part2/TestAssignment2_Valgrind)
==68504==    by 0x400964: unitTest2 (in /home/prdx/CS3650/monorepo-johnnguyen2020/Assignment2_C_Data_Structures/part2/TestAssignment2_Valgrind)
==68504==    by 0x400974: main (in /home/prdx/CS3650/monorepo-johnnguyen2020/Assignment2_C_Data_Structures/part2/TestAssignment2_Valgrind)
==68504==  Address 0x51f9048 is 0 bytes after a block of size 8 alloc'd
==68504==    at 0x4C29BE3: malloc (vg_replace_malloc.c:299)
==68504==    by 0x4005D9: create_stack (in /home/prdx/CS3650/monorepo-johnnguyen2020/Assignment2_C_Data_Structures/part2/TestAssignment2_Valgrind)
==68504==    by 0x400954: unitTest2 (in /home/prdx/CS3650/monorepo-johnnguyen2020/Assignment2_C_Data_Structures/part2/TestAssignment2_Valgrind)
==68504==    by 0x400974: main (in /home/prdx/CS3650/monorepo-johnnguyen2020/Assignment2_C_Data_Structures/part2/TestAssignment2_Valgrind)
==68504== 
==68504== 
==68504== 1 errors in context 3 of 3:
==68504== Invalid write of size 8
==68504==    at 0x400609: create_stack (in /home/prdx/CS3650/monorepo-johnnguyen2020/Assignment2_C_Data_Structures/part2/TestAssignment2_Valgrind)
==68504==    by 0x400954: unitTest2 (in /home/prdx/CS3650/monorepo-johnnguyen2020/Assignment2_C_Data_Structures/part2/TestAssignment2_Valgrind)
==68504==    by 0x400974: main (in /home/prdx/CS3650/monorepo-johnnguyen2020/Assignment2_C_Data_Structures/part2/TestAssignment2_Valgrind)
==68504==  Address 0x51f9048 is 0 bytes after a block of size 8 alloc'd
==68504==    at 0x4C29BE3: malloc (vg_replace_malloc.c:299)
==68504==    by 0x4005D9: create_stack (in /home/prdx/CS3650/monorepo-johnnguyen2020/Assignment2_C_Data_Structures/part2/TestAssignment2_Valgrind)
==68504==    by 0x400954: unitTest2 (in /home/prdx/CS3650/monorepo-johnnguyen2020/Assignment2_C_Data_Structures/part2/TestAssignment2_Valgrind)
==68504==    by 0x400974: main (in /home/prdx/CS3650/monorepo-johnnguyen2020/Assignment2_C_Data_Structures/part2/TestAssignment2_Valgrind)
==68504== 
==68504== ERROR SUMMARY: 3 errors from 3 contexts (suppressed: 0 from 0)
